<?xml version="1.0" encoding="UTF-8"?>
<TestRun id="182dba39-1e09-494e-bbcf-dbcfd19394c2" name="kulgu_s@MISLPT040 2015-01-28 15:59:10" runUser="GSICORP\kulgu_s" xmlns="http://microsoft.com/schemas/VisualStudio/TeamTest/2010">
  <TestSettings name="Local" id="c269aac0-1aad-4013-9d30-6f764dd9c9c8">
    <Description>These are default test settings for a local test run.</Description>
    <Deployment enabled="false" runDeploymentRoot="kulgu_s_MISLPT040 2015-01-28 15_59_10">
      <DeploymentItem filename="C:\Users\kulgu_s\Documents\Visual Studio 2010\Projects\AutoTraders\AutoTraders\bin\Debug\AutoTraders.exe" />
    </Deployment>
    <Execution>
      <TestTypeSpecific />
      <AgentRule name="Execution Agents">
      </AgentRule>
    </Execution>
  </TestSettings>
  <Times creation="2015-01-28T15:59:10.1082754-06:00" queuing="2015-01-28T15:59:10.1482754-06:00" start="2015-01-28T15:59:10.1582754-06:00" finish="2015-01-28T15:59:10.4502754-06:00" />
  <ResultSummary outcome="Failed">
    <Counters total="1" executed="1" error="0" failed="1" timeout="0" aborted="0" inconclusive="0" passedButRunAborted="0" notRunnable="0" notExecuted="0" disconnected="0" warning="0" passed="0" completed="0" inProgress="0" pending="0" />
  </ResultSummary>
  <TestDefinitions>
    <UnitTest name="TestSentenceNonCaseSensitive" storage="c:\users\kulgu_s\documents\visual studio 2010\projects\autotraders\testwordprocessor\bin\debug\testwordprocessor.dll" id="f7e607e5-4d57-3211-5316-84d754e52bb9">
      <Execution id="bdba2764-de4b-442a-a544-21afede570d9" />
      <TestMethod codeBase="C:/Users/kulgu_s/Documents/Visual Studio 2010/Projects/AutoTraders/TestWordProcessor/bin/Debug/TestWordProcessor.DLL" adapterTypeName="Microsoft.VisualStudio.TestTools.TestTypes.Unit.UnitTestAdapter, Microsoft.VisualStudio.QualityTools.Tips.UnitTest.Adapter, Version=10.0.0.0, Culture=neutral, PublicKeyToken=b03f5f7f11d50a3a" className="TestWordProcessor.UnitTest1, TestWordProcessor, Version=1.0.0.0, Culture=neutral, PublicKeyToken=null" name="TestSentenceNonCaseSensitive" />
    </UnitTest>
  </TestDefinitions>
  <TestLists>
    <TestList name="Results Not in a List" id="8c84fa94-04c1-424b-9868-57a2d4851a1d" />
    <TestList name="All Loaded Results" id="19431567-8539-422a-85d7-44ee4e166bda" />
  </TestLists>
  <TestEntries>
    <TestEntry testId="f7e607e5-4d57-3211-5316-84d754e52bb9" executionId="bdba2764-de4b-442a-a544-21afede570d9" testListId="8c84fa94-04c1-424b-9868-57a2d4851a1d" />
  </TestEntries>
  <Results>
    <UnitTestResult executionId="bdba2764-de4b-442a-a544-21afede570d9" testId="f7e607e5-4d57-3211-5316-84d754e52bb9" testName="TestSentenceNonCaseSensitive" computerName="MISLPT040" duration="00:00:00.0316243" startTime="2015-01-28T15:59:10.1582754-06:00" endTime="2015-01-28T15:59:10.4302754-06:00" testType="13cdc9d9-ddb5-4fa4-a97d-d965ccfc6d4b" outcome="Failed" testListId="8c84fa94-04c1-424b-9868-57a2d4851a1d" relativeResultsDirectory="bdba2764-de4b-442a-a544-21afede570d9">
      <Output>
        <ErrorInfo>
          <Message>Assert.AreEqual failed. Expected:&lt;S3h O6r$$He's l6g w2h a5r g2l&gt;. Actual:&lt;S4h O6r$$He's l6g w2h a5r g2l&gt;. </Message>
          <StackTrace>   at TestWordProcessor.UnitTest1.TestSentenceNonCaseSensitive() in C:\Users\kulgu_s\Documents\Visual Studio 2010\Projects\AutoTraders\TestWordProcessor\UnitTest1.cs:line 40
</StackTrace>
        </ErrorInfo>
      </Output>
    </UnitTestResult>
  </Results>
</TestRun>