<?xml version="1.0" encoding="UTF-8"?>
<TestRun id="1f25f558-2787-45d0-b73d-4aebeaf49ea4" name="kulgu_s@MISLPT040 2015-02-05 09:39:39" runUser="GSICORP\kulgu_s" xmlns="http://microsoft.com/schemas/VisualStudio/TeamTest/2010">
  <TestSettings name="Local" id="c269aac0-1aad-4013-9d30-6f764dd9c9c8">
    <Description>These are default test settings for a local test run.</Description>
    <Deployment enabled="false" runDeploymentRoot="kulgu_s_MISLPT040 2015-02-05 09_39_39">
      <DeploymentItem filename="C:\Users\kulgu_s\Documents\Visual Studio 2010\Projects\AutoTraders\AutoTraders\bin\Debug\AutoTraders.exe" />
    </Deployment>
    <Execution>
      <TestTypeSpecific />
      <AgentRule name="Execution Agents">
      </AgentRule>
    </Execution>
  </TestSettings>
  <Times creation="2015-02-05T09:39:39.8271344-06:00" queuing="2015-02-05T09:39:39.8571344-06:00" start="2015-02-05T09:39:39.8871344-06:00" finish="2015-02-05T09:39:40.3301245-06:00" />
  <ResultSummary outcome="Failed">
    <Counters total="1" executed="1" error="0" failed="1" timeout="0" aborted="0" inconclusive="0" passedButRunAborted="0" notRunnable="0" notExecuted="0" disconnected="0" warning="0" passed="0" completed="0" inProgress="0" pending="0" />
  </ResultSummary>
  <TestDefinitions>
    <UnitTest name="TestLongText" storage="c:\users\kulgu_s\documents\visual studio 2010\projects\autotraders\testwordprocessor\bin\debug\testwordprocessor.dll" id="bb6ca6a9-77cd-9b9f-e73b-00a704c443d7">
      <Execution id="436beae1-fdc9-4ce7-a48a-6c2a7122a281" />
      <TestMethod codeBase="C:/Users/kulgu_s/Documents/Visual Studio 2010/Projects/AutoTraders/TestWordProcessor/bin/Debug/TestWordProcessor.DLL" adapterTypeName="Microsoft.VisualStudio.TestTools.TestTypes.Unit.UnitTestAdapter, Microsoft.VisualStudio.QualityTools.Tips.UnitTest.Adapter, Version=10.0.0.0, Culture=neutral, PublicKeyToken=b03f5f7f11d50a3a" className="TestWordProcessor.UnitTest1, TestWordProcessor, Version=1.0.0.0, Culture=neutral, PublicKeyToken=null" name="TestLongText" />
    </UnitTest>
  </TestDefinitions>
  <TestLists>
    <TestList name="Results Not in a List" id="8c84fa94-04c1-424b-9868-57a2d4851a1d" />
    <TestList name="All Loaded Results" id="19431567-8539-422a-85d7-44ee4e166bda" />
  </TestLists>
  <TestEntries>
    <TestEntry testId="bb6ca6a9-77cd-9b9f-e73b-00a704c443d7" executionId="436beae1-fdc9-4ce7-a48a-6c2a7122a281" testListId="8c84fa94-04c1-424b-9868-57a2d4851a1d" />
  </TestEntries>
  <Results>
    <UnitTestResult executionId="436beae1-fdc9-4ce7-a48a-6c2a7122a281" testId="bb6ca6a9-77cd-9b9f-e73b-00a704c443d7" testName="TestLongText" computerName="MISLPT040" duration="00:00:00.2288311" startTime="2015-02-05T09:39:39.8891344-06:00" endTime="2015-02-05T09:39:40.3201248-06:00" testType="13cdc9d9-ddb5-4fa4-a97d-d965ccfc6d4b" outcome="Failed" testListId="8c84fa94-04c1-424b-9868-57a2d4851a1d" relativeResultsDirectory="436beae1-fdc9-4ce7-a48a-6c2a7122a281">
      <Output>
        <ErrorInfo>
          <Message>Test method TestWordProcessor.UnitTest1.TestLongText threw exception: 
System.ArgumentException: Illegal characters in path.</Message>
          <StackTrace>    at System.IO.Path.CheckInvalidPathChars(String path, Boolean checkAdditional)
   at System.IO.Path.GetFileName(String path)
   at System.IO.StreamReader..ctor(String path, Encoding encoding, Boolean detectEncodingFromByteOrderMarks, Int32 bufferSize, Boolean checkHost)
   at System.IO.StreamReader..ctor(String path)
   at System.IO.File.OpenText(String path)
   at TestWordProcessor.UnitTest1.TestLongText() in C:\Users\kulgu_s\Documents\Visual Studio 2010\Projects\AutoTraders\TestWordProcessor\UnitTest1.cs:line 59
</StackTrace>
        </ErrorInfo>
      </Output>
    </UnitTestResult>
  </Results>
</TestRun>