<?xml version="1.0" encoding="UTF-8"?>
<TestRun id="835a3b3c-a49a-4802-b1e6-061496b1b749" name="kulgu_s@MISLPT040 2015-01-28 16:12:32" runUser="GSICORP\kulgu_s" xmlns="http://microsoft.com/schemas/VisualStudio/TeamTest/2010">
  <TestSettings name="Local" id="c269aac0-1aad-4013-9d30-6f764dd9c9c8">
    <Description>These are default test settings for a local test run.</Description>
    <Deployment enabled="false" runDeploymentRoot="kulgu_s_MISLPT040 2015-01-28 16_12_32">
      <DeploymentItem filename="C:\Users\kulgu_s\Documents\Visual Studio 2010\Projects\AutoTraders\AutoTraders\bin\Debug\AutoTraders.exe" />
    </Deployment>
    <Execution>
      <TestTypeSpecific />
      <AgentRule name="Execution Agents">
      </AgentRule>
    </Execution>
  </TestSettings>
  <Times creation="2015-01-28T16:12:32.3450849-06:00" queuing="2015-01-28T16:12:32.3850845-06:00" start="2015-01-28T16:12:32.4050843-06:00" finish="2015-01-28T16:12:32.6950814-06:00" />
  <ResultSummary outcome="Completed">
    <Counters total="4" executed="4" passed="4" error="0" failed="0" timeout="0" aborted="0" inconclusive="0" passedButRunAborted="0" notRunnable="0" notExecuted="0" disconnected="0" warning="0" completed="0" inProgress="0" pending="0" />
  </ResultSummary>
  <TestDefinitions>
    <UnitTest name="TestOneWord" storage="c:\users\kulgu_s\documents\visual studio 2010\projects\autotraders\testwordprocessor\bin\debug\testwordprocessor.dll" id="19ab7ce5-947b-ef37-a91a-fcf79ae33e91">
      <Execution id="aeee05a6-72bc-4712-b4eb-74e981710255" />
      <TestMethod codeBase="C:/Users/kulgu_s/Documents/Visual Studio 2010/Projects/AutoTraders/TestWordProcessor/bin/Debug/TestWordProcessor.DLL" adapterTypeName="Microsoft.VisualStudio.TestTools.TestTypes.Unit.UnitTestAdapter, Microsoft.VisualStudio.QualityTools.Tips.UnitTest.Adapter, Version=10.0.0.0, Culture=neutral, PublicKeyToken=b03f5f7f11d50a3a" className="TestWordProcessor.UnitTest1, TestWordProcessor, Version=1.0.0.0, Culture=neutral, PublicKeyToken=null" name="TestOneWord" />
    </UnitTest>
    <UnitTest name="TestSentence" storage="c:\users\kulgu_s\documents\visual studio 2010\projects\autotraders\testwordprocessor\bin\debug\testwordprocessor.dll" id="b37c6f90-73e0-a58e-ad23-74bb035e2369">
      <Execution id="16df6e92-49e4-4d59-b8ef-fa8c69bc37b4" />
      <TestMethod codeBase="C:/Users/kulgu_s/Documents/Visual Studio 2010/Projects/AutoTraders/TestWordProcessor/bin/Debug/TestWordProcessor.DLL" adapterTypeName="Microsoft.VisualStudio.TestTools.TestTypes.Unit.UnitTestAdapter, Microsoft.VisualStudio.QualityTools.Tips.UnitTest.Adapter, Version=10.0.0.0, Culture=neutral, PublicKeyToken=b03f5f7f11d50a3a" className="TestWordProcessor.UnitTest1, TestWordProcessor, Version=1.0.0.0, Culture=neutral, PublicKeyToken=null" name="TestSentence" />
    </UnitTest>
    <UnitTest name="TestSentenceNonCaseSensitive" storage="c:\users\kulgu_s\documents\visual studio 2010\projects\autotraders\testwordprocessor\bin\debug\testwordprocessor.dll" id="f7e607e5-4d57-3211-5316-84d754e52bb9">
      <Execution id="d1633dd9-807c-4af3-ab9f-2b5777b301ee" />
      <TestMethod codeBase="C:/Users/kulgu_s/Documents/Visual Studio 2010/Projects/AutoTraders/TestWordProcessor/bin/Debug/TestWordProcessor.DLL" adapterTypeName="Microsoft.VisualStudio.TestTools.TestTypes.Unit.UnitTestAdapter, Microsoft.VisualStudio.QualityTools.Tips.UnitTest.Adapter, Version=10.0.0.0, Culture=neutral, PublicKeyToken=b03f5f7f11d50a3a" className="TestWordProcessor.UnitTest1, TestWordProcessor, Version=1.0.0.0, Culture=neutral, PublicKeyToken=null" name="TestSentenceNonCaseSensitive" />
    </UnitTest>
    <UnitTest name="TestEmpySpace" storage="c:\users\kulgu_s\documents\visual studio 2010\projects\autotraders\testwordprocessor\bin\debug\testwordprocessor.dll" id="7bd98983-034d-ab2e-cada-2bc1808ead8d">
      <Execution id="ec1d2068-2431-489e-a0be-dd53a1bfbcab" />
      <TestMethod codeBase="C:/Users/kulgu_s/Documents/Visual Studio 2010/Projects/AutoTraders/TestWordProcessor/bin/Debug/TestWordProcessor.DLL" adapterTypeName="Microsoft.VisualStudio.TestTools.TestTypes.Unit.UnitTestAdapter, Microsoft.VisualStudio.QualityTools.Tips.UnitTest.Adapter, Version=10.0.0.0, Culture=neutral, PublicKeyToken=b03f5f7f11d50a3a" className="TestWordProcessor.UnitTest1, TestWordProcessor, Version=1.0.0.0, Culture=neutral, PublicKeyToken=null" name="TestEmpySpace" />
    </UnitTest>
  </TestDefinitions>
  <TestLists>
    <TestList name="Results Not in a List" id="8c84fa94-04c1-424b-9868-57a2d4851a1d" />
    <TestList name="All Loaded Results" id="19431567-8539-422a-85d7-44ee4e166bda" />
  </TestLists>
  <TestEntries>
    <TestEntry testId="19ab7ce5-947b-ef37-a91a-fcf79ae33e91" executionId="aeee05a6-72bc-4712-b4eb-74e981710255" testListId="8c84fa94-04c1-424b-9868-57a2d4851a1d" />
    <TestEntry testId="7bd98983-034d-ab2e-cada-2bc1808ead8d" executionId="ec1d2068-2431-489e-a0be-dd53a1bfbcab" testListId="8c84fa94-04c1-424b-9868-57a2d4851a1d" />
    <TestEntry testId="b37c6f90-73e0-a58e-ad23-74bb035e2369" executionId="16df6e92-49e4-4d59-b8ef-fa8c69bc37b4" testListId="8c84fa94-04c1-424b-9868-57a2d4851a1d" />
    <TestEntry testId="f7e607e5-4d57-3211-5316-84d754e52bb9" executionId="d1633dd9-807c-4af3-ab9f-2b5777b301ee" testListId="8c84fa94-04c1-424b-9868-57a2d4851a1d" />
  </TestEntries>
  <Results>
    <UnitTestResult executionId="aeee05a6-72bc-4712-b4eb-74e981710255" testId="19ab7ce5-947b-ef37-a91a-fcf79ae33e91" testName="TestOneWord" computerName="MISLPT040" duration="00:00:00.0201284" startTime="2015-01-28T16:12:32.4250841-06:00" endTime="2015-01-28T16:12:32.6650817-06:00" testType="13cdc9d9-ddb5-4fa4-a97d-d965ccfc6d4b" outcome="Passed" testListId="8c84fa94-04c1-424b-9868-57a2d4851a1d" relativeResultsDirectory="aeee05a6-72bc-4712-b4eb-74e981710255">
    </UnitTestResult>
    <UnitTestResult executionId="ec1d2068-2431-489e-a0be-dd53a1bfbcab" testId="7bd98983-034d-ab2e-cada-2bc1808ead8d" testName="TestEmpySpace" computerName="MISLPT040" duration="00:00:00.0002812" startTime="2015-01-28T16:12:32.6650817-06:00" endTime="2015-01-28T16:12:32.6650817-06:00" testType="13cdc9d9-ddb5-4fa4-a97d-d965ccfc6d4b" outcome="Passed" testListId="8c84fa94-04c1-424b-9868-57a2d4851a1d" relativeResultsDirectory="ec1d2068-2431-489e-a0be-dd53a1bfbcab">
    </UnitTestResult>
    <UnitTestResult executionId="16df6e92-49e4-4d59-b8ef-fa8c69bc37b4" testId="b37c6f90-73e0-a58e-ad23-74bb035e2369" testName="TestSentence" computerName="MISLPT040" duration="00:00:00.0002833" startTime="2015-01-28T16:12:32.6650817-06:00" endTime="2015-01-28T16:12:32.6750816-06:00" testType="13cdc9d9-ddb5-4fa4-a97d-d965ccfc6d4b" outcome="Passed" testListId="8c84fa94-04c1-424b-9868-57a2d4851a1d" relativeResultsDirectory="16df6e92-49e4-4d59-b8ef-fa8c69bc37b4">
    </UnitTestResult>
    <UnitTestResult executionId="d1633dd9-807c-4af3-ab9f-2b5777b301ee" testId="f7e607e5-4d57-3211-5316-84d754e52bb9" testName="TestSentenceNonCaseSensitive" computerName="MISLPT040" duration="00:00:00.0003974" startTime="2015-01-28T16:12:32.6750816-06:00" endTime="2015-01-28T16:12:32.6750816-06:00" testType="13cdc9d9-ddb5-4fa4-a97d-d965ccfc6d4b" outcome="Passed" testListId="8c84fa94-04c1-424b-9868-57a2d4851a1d" relativeResultsDirectory="d1633dd9-807c-4af3-ab9f-2b5777b301ee">
    </UnitTestResult>
  </Results>
</TestRun>