<?xml version="1.0" encoding="UTF-8"?>
<TestRun id="2b485e4c-3893-467c-8fcb-811c69443859" name="kulgu_s@MISLPT040 2015-01-28 12:39:01" runUser="GSICORP\kulgu_s" xmlns="http://microsoft.com/schemas/VisualStudio/TeamTest/2010">
  <TestSettings name="Local" id="c269aac0-1aad-4013-9d30-6f764dd9c9c8">
    <Description>These are default test settings for a local test run.</Description>
    <Deployment enabled="false" runDeploymentRoot="kulgu_s_MISLPT040 2015-01-28 12_39_01">
      <DeploymentItem filename="C:\Users\kulgu_s\Documents\Visual Studio 2010\Projects\AutoTraders\AutoTraders\bin\Debug\AutoTraders.exe" />
    </Deployment>
    <Execution>
      <TestTypeSpecific />
      <AgentRule name="Execution Agents">
      </AgentRule>
    </Execution>
  </TestSettings>
  <Times creation="2015-01-28T12:39:01.9080988-06:00" queuing="2015-01-28T12:39:01.9431023-06:00" start="2015-01-28T12:39:01.9501030-06:00" finish="2015-01-28T12:39:02.1701250-06:00" />
  <ResultSummary outcome="Completed">
    <Counters total="1" executed="1" passed="1" error="0" failed="0" timeout="0" aborted="0" inconclusive="0" passedButRunAborted="0" notRunnable="0" notExecuted="0" disconnected="0" warning="0" completed="0" inProgress="0" pending="0" />
  </ResultSummary>
  <TestDefinitions>
    <UnitTest name="TestEmpySpace" storage="c:\users\kulgu_s\documents\visual studio 2010\projects\autotraders\testwordprocessor\bin\debug\testwordprocessor.dll" id="7bd98983-034d-ab2e-cada-2bc1808ead8d">
      <Execution id="3167db3b-f4b2-4456-a31b-6454220ebf2e" />
      <TestMethod codeBase="C:/Users/kulgu_s/Documents/Visual Studio 2010/Projects/AutoTraders/TestWordProcessor/bin/Debug/TestWordProcessor.DLL" adapterTypeName="Microsoft.VisualStudio.TestTools.TestTypes.Unit.UnitTestAdapter, Microsoft.VisualStudio.QualityTools.Tips.UnitTest.Adapter, Version=10.0.0.0, Culture=neutral, PublicKeyToken=b03f5f7f11d50a3a" className="TestWordProcessor.UnitTest1, TestWordProcessor, Version=1.0.0.0, Culture=neutral, PublicKeyToken=null" name="TestEmpySpace" />
    </UnitTest>
  </TestDefinitions>
  <TestLists>
    <TestList name="Results Not in a List" id="8c84fa94-04c1-424b-9868-57a2d4851a1d" />
    <TestList name="All Loaded Results" id="19431567-8539-422a-85d7-44ee4e166bda" />
  </TestLists>
  <TestEntries>
    <TestEntry testId="7bd98983-034d-ab2e-cada-2bc1808ead8d" executionId="3167db3b-f4b2-4456-a31b-6454220ebf2e" testListId="8c84fa94-04c1-424b-9868-57a2d4851a1d" />
  </TestEntries>
  <Results>
    <UnitTestResult executionId="3167db3b-f4b2-4456-a31b-6454220ebf2e" testId="7bd98983-034d-ab2e-cada-2bc1808ead8d" testName="TestEmpySpace" computerName="MISLPT040" duration="00:00:00.0155907" startTime="2015-01-28T12:39:01.9701050-06:00" endTime="2015-01-28T12:39:02.1561236-06:00" testType="13cdc9d9-ddb5-4fa4-a97d-d965ccfc6d4b" outcome="Passed" testListId="8c84fa94-04c1-424b-9868-57a2d4851a1d" relativeResultsDirectory="3167db3b-f4b2-4456-a31b-6454220ebf2e">
    </UnitTestResult>
  </Results>
</TestRun>